<?xml version="1.0" encoding="UTF-8"?>
<!-- Generated by org.testng.reporters.JUnitReportReporter -->
<testsuite hostname="DESKTOP-BFRDRDK" failures="0" tests="1" name="com.Ecom.sprt1.UiTestCase" time="7.160" errors="0" timestamp="2021-08-04T15:37:12 EDT" skipped="0">
  <testcase classname="com.Ecom.sprt1.UiTestCase" name="click6thlinkofPage5" time="7.160"/>
  <system-out/>
</testsuite> <!-- com.Ecom.sprt1.UiTestCase -->
