<?xml version="1.0" encoding="UTF-8"?>
<!-- Generated by org.testng.reporters.JUnitReportReporter -->
<testsuite hostname="DESKTOP-BFRDRDK" failures="0" tests="1" name="Ecom.SampleMvnProject.App" time="0.009" errors="0" timestamp="2021-08-04T13:25:49 EDT" skipped="0">
  <testcase classname="Ecom.SampleMvnProject.App" name="f" time="0.009"/>
  <system-out/>
</testsuite> <!-- Ecom.SampleMvnProject.App -->
